app/build/outputs/logs/manifest-merger-debug-report.txt
-- Merging decision tree log ---
manifest
ADDED from src\main\AndroidManifest.xml:2:1-56:12
INJECTED from src\main\AndroidManifest.xml:2:1-56:12
INJECTED from src\main\AndroidManifest.xml:2:1-56:12
INJECTED from src\main\AndroidManifest.xml:2:1-56:12
MERGED from [com.blankj:utilcode:1.13.4] AndroidManifest.xml:2:1-17:12
MERGED from [com.android.support:design:27.0.1] AndroidManifest.xml:17:1-22:12
MERGED from [io.reactivex:rxandroid:1.2.1] AndroidManifest.xml:15:1-21:12
MERGED from [com.mylhyl:acp:1.1.7] AndroidManifest.xml:2:1-18:12
MERGED from [com.lcodecorex:tkrefreshlayout:1.0.7] AndroidManifest.xml:2:1-17:12
MERGED from [:imagepicker] AndroidManifest.xml:2:1-51:12
MERGED from [com.android.support:appcompat-v7:27.0.1] AndroidManifest.xml:17:1-22:12
MERGED from [com.android.support.constraint:constraint-layout:1.0.2] AndroidManifest.xml:2:1-11:12
MERGED from [com.github.chrisbanes.photoview:library:1.2.4] AndroidManifest.xml:2:1-11:12
MERGED from [com.android.support:support-v4:27.0.1] AndroidManifest.xml:17:1-22:12
MERGED from [com.android.support:recyclerview-v7:27.0.1] AndroidManifest.xml:17:1-22:12
MERGED from [com.android.support:transition:27.0.1] AndroidManifest.xml:17:1-22:12
MERGED from [com.android.support:support-fragment:27.0.1] AndroidManifest.xml:17:1-22:12
MERGED from [com.android.support:animated-vector-drawable:27.0.1] AndroidManifest.xml:17:1-22:12
MERGED from [com.android.support:support-core-ui:27.0.1] AndroidManifest.xml:17:1-22:12
MERGED from [com.android.support:support-core-utils:27.0.1] AndroidManifest.xml:17:1-22:12
MERGED from [com.android.support:support-vector-drawable:27.0.1] AndroidManifest.xml:17:1-22:12
MERGED from [com.android.support:support-media-compat:27.0.1] AndroidManifest.xml:17:1-22:12
MERGED from [com.android.support:support-compat:27.0.1] AndroidManifest.xml:17:1-22:12
MERGED from [android.arch.lifecycle:runtime:1.0.0] AndroidManifest.xml:17:1-30:12
INJECTED from src\main\AndroidManifest.xml:2:1-56:12
INJECTED from src\main\AndroidManifest.xml:2:1-56:12
INJECTED from src\main\AndroidManifest.xml:2:1-56:12
	package
		ADDED from src\main\AndroidManifest.xml:3:5-51
		INJECTED from src\main\AndroidManifest.xml
		INJECTED from src\main\AndroidManifest.xml
	android:versionName
		INJECTED from src\main\AndroidManifest.xml
		ADDED from src\main\AndroidManifest.xml:2:1-56:12
		INJECTED from src\main\AndroidManifest.xml
	android:versionCode
		INJECTED from src\main\AndroidManifest.xml
		ADDED from src\main\AndroidManifest.xml:2:1-56:12
		INJECTED from src\main\AndroidManifest.xml
	xmlns:android
		ADDED from src\main\AndroidManifest.xml:2:11-69
uses-permission#android.permission.INTERNET
ADDED from src\main\AndroidManifest.xml:6:5-67
	android:name
		ADDED from src\main\AndroidManifest.xml:6:22-64
uses-permission#android.permission.ACCESS_NETWORK_STATE
ADDED from src\main\AndroidManifest.xml:7:5-78
	android:name
		ADDED from src\main\AndroidManifest.xml:7:22-76
uses-permission#android.permission.CHANGE_NETWORK_STATE
ADDED from src\main\AndroidManifest.xml:8:5-78
	android:name
		ADDED from src\main\AndroidManifest.xml:8:22-76
uses-permission#android.permission.MOUNT_UNMOUNT_FILESYSTEMS
ADDED from src\main\AndroidManifest.xml:10:5-84
MERGED from [:imagepicker] AndroidManifest.xml:12:5-84
MERGED from [:imagepicker] AndroidManifest.xml:12:5-84
	android:name
		ADDED from src\main\AndroidManifest.xml:10:22-81
uses-permission#android.permission.WRITE_EXTERNAL_STORAGE
ADDED from src\main\AndroidManifest.xml:11:5-81
MERGED from [:imagepicker] AndroidManifest.xml:14:5-81
MERGED from [:imagepicker] AndroidManifest.xml:14:5-81
	android:name
		ADDED from src\main\AndroidManifest.xml:11:22-78
uses-permission#android.permission.READ_EXTERNAL_STORAGE
ADDED from src\main\AndroidManifest.xml:12:5-80
MERGED from [:imagepicker] AndroidManifest.xml:16:5-80
MERGED from [:imagepicker] AndroidManifest.xml:16:5-80
	android:name
		ADDED from src\main\AndroidManifest.xml:12:22-77
application
ADDED from src\main\AndroidManifest.xml:17:5-54:19
MERGED from [com.blankj:utilcode:1.13.4] AndroidManifest.xml:9:5-15:19
MERGED from [com.blankj:utilcode:1.13.4] AndroidManifest.xml:9:5-15:19
MERGED from [com.mylhyl:acp:1.1.7] AndroidManifest.xml:11:5-16:19
MERGED from [com.mylhyl:acp:1.1.7] AndroidManifest.xml:11:5-16:19
MERGED from [com.lcodecorex:tkrefreshlayout:1.0.7] AndroidManifest.xml:11:5-15:19
MERGED from [com.lcodecorex:tkrefreshlayout:1.0.7] AndroidManifest.xml:11:5-15:19
MERGED from [:imagepicker] AndroidManifest.xml:20:5-49:19
MERGED from [:imagepicker] AndroidManifest.xml:20:5-49:19
MERGED from [com.android.support.constraint:constraint-layout:1.0.2] AndroidManifest.xml:9:5-20
MERGED from [com.android.support.constraint:constraint-layout:1.0.2] AndroidManifest.xml:9:5-20
MERGED from [android.arch.lifecycle:runtime:1.0.0] AndroidManifest.xml:24:5-28:19
MERGED from [android.arch.lifecycle:runtime:1.0.0] AndroidManifest.xml:24:5-28:19
	android:supportsRtl
		ADDED from src\main\AndroidManifest.xml:23:9-35
	android:label
		ADDED from src\main\AndroidManifest.xml:20:9-41
	android:roundIcon
		ADDED from src\main\AndroidManifest.xml:21:9-54
	android:icon
		ADDED from src\main\AndroidManifest.xml:19:9-43
	android:allowBackup
		ADDED from src\main\AndroidManifest.xml:18:9-35
	android:theme
		ADDED from src\main\AndroidManifest.xml:24:9-40
	android:name
		ADDED from src\main\AndroidManifest.xml:22:9-38
activity#com.example.hardcattle.myapplication.MainActivity
ADDED from src\main\AndroidManifest.xml:25:9-31:20
	android:name
		ADDED from src\main\AndroidManifest.xml:25:19-47
intent-filter#android.intent.action.MAIN+android.intent.category.LAUNCHER
ADDED from src\main\AndroidManifest.xml:26:13-30:29
action#android.intent.action.MAIN
ADDED from src\main\AndroidManifest.xml:27:17-69
	android:name
		ADDED from src\main\AndroidManifest.xml:27:25-66
category#android.intent.category.LAUNCHER
ADDED from src\main\AndroidManifest.xml:29:17-77
	android:name
		ADDED from src\main\AndroidManifest.xml:29:27-74
activity#com.example.hardcattle.myapplication.LayoutActivity
ADDED from src\main\AndroidManifest.xml:32:9-34:20
	android:screenOrientation
		ADDED from src\main\AndroidManifest.xml:33:13-49
	android:name
		ADDED from src\main\AndroidManifest.xml:32:19-49
activity#com.example.hardcattle.myapplication.TestRxJavaAndRetrofit
ADDED from src\main\AndroidManifest.xml:35:9-37:20
	android:screenOrientation
		ADDED from src\main\AndroidManifest.xml:36:13-49
	android:name
		ADDED from src\main\AndroidManifest.xml:35:19-56
activity#com.example.hardcattle.myapplication.ImagePickerTest
ADDED from src\main\AndroidManifest.xml:38:9-40:20
	android:screenOrientation
		ADDED from src\main\AndroidManifest.xml:39:13-49
	android:name
		ADDED from src\main\AndroidManifest.xml:38:19-50
activity#com.example.hardcattle.myapplication.TestRefreshLayout
ADDED from src\main\AndroidManifest.xml:41:9-43:20
	android:screenOrientation
		ADDED from src\main\AndroidManifest.xml:42:13-49
	android:name
		ADDED from src\main\AndroidManifest.xml:41:19-52
provider#android.support.v4.content.FileProvider
ADDED from src\main\AndroidManifest.xml:45:9-53:20
	android:grantUriPermissions
		ADDED from src\main\AndroidManifest.xml:49:13-47
	android:authorities
		ADDED from src\main\AndroidManifest.xml:47:13-80
	android:exported
		ADDED from src\main\AndroidManifest.xml:48:13-37
	android:name
		ADDED from src\main\AndroidManifest.xml:46:13-67
meta-data#android.support.FILE_PROVIDER_PATHS
ADDED from src\main\AndroidManifest.xml:50:13-52:57
	android:resource
		ADDED from src\main\AndroidManifest.xml:52:17-55
	android:name
		ADDED from src\main\AndroidManifest.xml:51:17-67
uses-sdk
INJECTED from src\main\AndroidManifest.xml reason: use-sdk injection requested
INJECTED from src\main\AndroidManifest.xml
INJECTED from src\main\AndroidManifest.xml
MERGED from [com.blankj:utilcode:1.13.4] AndroidManifest.xml:7:5-44
MERGED from [com.blankj:utilcode:1.13.4] AndroidManifest.xml:7:5-44
MERGED from [com.android.support:design:27.0.1] AndroidManifest.xml:20:5-44
MERGED from [com.android.support:design:27.0.1] AndroidManifest.xml:20:5-44
MERGED from [io.reactivex:rxandroid:1.2.1] AndroidManifest.xml:19:5-43
MERGED from [io.reactivex:rxandroid:1.2.1] AndroidManifest.xml:19:5-43
MERGED from [com.mylhyl:acp:1.1.7] AndroidManifest.xml:7:5-9:41
MERGED from [com.mylhyl:acp:1.1.7] AndroidManifest.xml:7:5-9:41
MERGED from [com.lcodecorex:tkrefreshlayout:1.0.7] AndroidManifest.xml:7:5-9:41
MERGED from [com.lcodecorex:tkrefreshlayout:1.0.7] AndroidManifest.xml:7:5-9:41
MERGED from [:imagepicker] AndroidManifest.xml:7:5-9:41
MERGED from [:imagepicker] AndroidManifest.xml:7:5-9:41
MERGED from [com.android.support:appcompat-v7:27.0.1] AndroidManifest.xml:20:5-44
MERGED from [com.android.support:appcompat-v7:27.0.1] AndroidManifest.xml:20:5-44
MERGED from [com.android.support.constraint:constraint-layout:1.0.2] AndroidManifest.xml:5:5-7:41
MERGED from [com.android.support.constraint:constraint-layout:1.0.2] AndroidManifest.xml:5:5-7:41
MERGED from [com.github.chrisbanes.photoview:library:1.2.4] AndroidManifest.xml:7:5-9:41
MERGED from [com.github.chrisbanes.photoview:library:1.2.4] AndroidManifest.xml:7:5-9:41
MERGED from [com.android.support:support-v4:27.0.1] AndroidManifest.xml:20:5-44
MERGED from [com.android.support:support-v4:27.0.1] AndroidManifest.xml:20:5-44
MERGED from [com.android.support:recyclerview-v7:27.0.1] AndroidManifest.xml:20:5-44
MERGED from [com.android.support:recyclerview-v7:27.0.1] AndroidManifest.xml:20:5-44
MERGED from [com.android.support:transition:27.0.1] AndroidManifest.xml:20:5-44
MERGED from [com.android.support:transition:27.0.1] AndroidManifest.xml:20:5-44
MERGED from [com.android.support:support-fragment:27.0.1] AndroidManifest.xml:20:5-44
MERGED from [com.android.support:support-fragment:27.0.1] AndroidManifest.xml:20:5-44
MERGED from [com.android.support:animated-vector-drawable:27.0.1] AndroidManifest.xml:20:5-44
MERGED from [com.android.support:animated-vector-drawable:27.0.1] AndroidManifest.xml:20:5-44
MERGED from [com.android.support:support-core-ui:27.0.1] AndroidManifest.xml:20:5-44
MERGED from [com.android.support:support-core-ui:27.0.1] AndroidManifest.xml:20:5-44
MERGED from [com.android.support:support-core-utils:27.0.1] AndroidManifest.xml:20:5-44
MERGED from [com.android.support:support-core-utils:27.0.1] AndroidManifest.xml:20:5-44
MERGED from [com.android.support:support-vector-drawable:27.0.1] AndroidManifest.xml:20:5-44
MERGED from [com.android.support:support-vector-drawable:27.0.1] AndroidManifest.xml:20:5-44
MERGED from [com.android.support:support-media-compat:27.0.1] AndroidManifest.xml:20:5-44
MERGED from [com.android.support:support-media-compat:27.0.1] AndroidManifest.xml:20:5-44
MERGED from [com.android.support:support-compat:27.0.1] AndroidManifest.xml:20:5-44
MERGED from [com.android.support:support-compat:27.0.1] AndroidManifest.xml:20:5-44
MERGED from [android.arch.lifecycle:runtime:1.0.0] AndroidManifest.xml:20:5-22:41
MERGED from [android.arch.lifecycle:runtime:1.0.0] AndroidManifest.xml:20:5-22:41
INJECTED from src\main\AndroidManifest.xml
INJECTED from src\main\AndroidManifest.xml
	android:targetSdkVersion
		INJECTED from src\main\AndroidManifest.xml
		ADDED from src\main\AndroidManifest.xml
		INJECTED from src\main\AndroidManifest.xml
	android:minSdkVersion
		INJECTED from src\main\AndroidManifest.xml
		ADDED from src\main\AndroidManifest.xml
		INJECTED from src\main\AndroidManifest.xml
activity#com.blankj.utilcode.util.PermissionUtils$PermissionActivity
ADDED from [com.blankj:utilcode:1.13.4] AndroidManifest.xml:10:9-14:75
	android:windowSoftInputMode
		ADDED from [com.blankj:utilcode:1.13.4] AndroidManifest.xml:14:13-72
	android:configChanges
		ADDED from [com.blankj:utilcode:1.13.4] AndroidManifest.xml:12:13-74
	android:theme
		ADDED from [com.blankj:utilcode:1.13.4] AndroidManifest.xml:13:13-55
	android:name
		ADDED from [com.blankj:utilcode:1.13.4] AndroidManifest.xml:11:13-87
activity#com.mylhyl.acp.AcpActivity
ADDED from [com.mylhyl:acp:1.1.7] AndroidManifest.xml:12:9-15:56
	android:launchMode
		ADDED from [com.mylhyl:acp:1.1.7] AndroidManifest.xml:14:13-44
	android:theme
		ADDED from [com.mylhyl:acp:1.1.7] AndroidManifest.xml:15:13-53
	android:name
		ADDED from [com.mylhyl:acp:1.1.7] AndroidManifest.xml:13:13-54
uses-permission#android.permission.CAMERA
ADDED from [:imagepicker] AndroidManifest.xml:18:5-65
	android:name
		ADDED from [:imagepicker] AndroidManifest.xml:18:22-62
activity#com.lzy.imagepicker.ui.ImageBaseActivity
ADDED from [:imagepicker] AndroidManifest.xml:21:9-77
	android:name
		ADDED from [:imagepicker] AndroidManifest.xml:21:19-74
activity#com.lzy.imagepicker.ui.ImageGridActivity
ADDED from [:imagepicker] AndroidManifest.xml:22:9-25:55
	android:configChanges
		ADDED from [:imagepicker] AndroidManifest.xml:24:13-59
	android:theme
		ADDED from [:imagepicker] AndroidManifest.xml:25:13-52
	android:name
		ADDED from [:imagepicker] AndroidManifest.xml:23:13-68
activity#com.lzy.imagepicker.ui.ImageCropActivity
ADDED from [:imagepicker] AndroidManifest.xml:26:9-30:55
	android:hardwareAccelerated
		ADDED from [:imagepicker] AndroidManifest.xml:29:13-48
	android:configChanges
		ADDED from [:imagepicker] AndroidManifest.xml:28:13-59
	android:theme
		ADDED from [:imagepicker] AndroidManifest.xml:30:13-52
	android:name
		ADDED from [:imagepicker] AndroidManifest.xml:27:13-68
activity#com.lzy.imagepicker.ui.ImagePreviewActivity
ADDED from [:imagepicker] AndroidManifest.xml:31:9-34:65
	android:configChanges
		ADDED from [:imagepicker] AndroidManifest.xml:33:13-59
	android:theme
		ADDED from [:imagepicker] AndroidManifest.xml:34:13-62
	android:name
		ADDED from [:imagepicker] AndroidManifest.xml:32:13-71
activity#com.lzy.imagepicker.ui.ImagePreviewDelActivity
ADDED from [:imagepicker] AndroidManifest.xml:35:9-38:65
	android:configChanges
		ADDED from [:imagepicker] AndroidManifest.xml:37:13-59
	android:theme
		ADDED from [:imagepicker] AndroidManifest.xml:38:13-62
	android:name
		ADDED from [:imagepicker] AndroidManifest.xml:36:13-74
provider#com.lzy.imagepicker.ImagePickerProvider
ADDED from [:imagepicker] AndroidManifest.xml:40:9-48:20
	android:grantUriPermissions
		ADDED from [:imagepicker] AndroidManifest.xml:44:13-47
	android:authorities
		ADDED from [:imagepicker] AndroidManifest.xml:42:13-60
	android:exported
		ADDED from [:imagepicker] AndroidManifest.xml:43:13-37
	android:name
		ADDED from [:imagepicker] AndroidManifest.xml:41:13-67
meta-data#android.arch.lifecycle.VERSION
ADDED from [android.arch.lifecycle:runtime:1.0.0] AndroidManifest.xml:25:9-27:47
	android:value
		ADDED from [android.arch.lifecycle:runtime:1.0.0] AndroidManifest.xml:27:13-44
	android:name
		ADDED from [android.arch.lifecycle:runtime:1.0.0] AndroidManifest.xml:26:13-58